<?xml version="1.0" encoding="UTF-8"?>
<!-- Generated by org.testng.reporters.JUnitXMLReporter -->
<testsuite ignored="0" hostname="LTIN509456" failures="1" tests="8" name="EdgeTest" time="67.392" errors="0" timestamp="2024-04-15T14:23:25 IST">
  <testcase classname="testScenario.TC_001_HotelSearchPage" name="clickonHotel" time="0.161"/>
  <testcase classname="testScenario.TC_001_HotelSearchPage" name="selectHotel" time="11.93"/>
  <testcase classname="testScenario.TC_001_HotelSearchPage" name="selectallaminites" time="6.034">
    <failure type="org.openqa.selenium.StaleElementReferenceException" message="stale element reference: stale element not found in the current frame
  (Session info: MicrosoftEdge=123.0.2420.97)
For documentation on this error, please visit: https://www.selenium.dev/documentation/webdriver/troubleshooting/errors#stale-element-reference-exception
Build info: version: &amp;apos;4.18.1&amp;apos;, revision: &amp;apos;b1d3319b48&amp;apos;
System info: os.name: &amp;apos;Windows 11&amp;apos;, os.arch: &amp;apos;amd64&amp;apos;, os.version: &amp;apos;10.0&amp;apos;, java.version: &amp;apos;17.0.2&amp;apos;
Driver info: org.openqa.selenium.edge.EdgeDriver
Command: [1a416789c85dc8c66b0d9718ee7f5d97, getElementText {id=f.06E662C9ED5E7EA73A113305C62803A7.d.D4E76EA8533F267024961E3A4B1371FA.e.402}]
Capabilities {acceptInsecureCerts: false, browserName: MicrosoftEdge, browserVersion: 123.0.2420.97, fedcm:accounts: true, ms:edgeOptions: {debuggerAddress: localhost:60278}, msedge: {msedgedriverVersion: 123.0.2420.97 (ba5f45140663..., userDataDir: C:\Windows\SystemTemp\scope...}, networkConnectionEnabled: false, pageLoadStrategy: normal, platformName: windows, proxy: Proxy(), se:cdp: ws://localhost:60278/devtoo..., se:cdpVersion: 123.0.2420.97, setWindowRect: true, strictFileInteractability: false, timeouts: {implicit: 0, pageLoad: 300000, script: 30000}, unhandledPromptBehavior: dismiss and notify, webauthn:extension:credBlob: true, webauthn:extension:largeBlob: true, webauthn:extension:minPinLength: true, webauthn:extension:prf: true, webauthn:virtualAuthenticators: true}
Element: [[EdgeDriver: MicrosoftEdge on windows (1a416789c85dc8c66b0d9718ee7f5d97)] -&amp;gt; xpath: //div[@class=&amp;apos;full filter-wrapper accordion-wrappper accordion-anim-1&amp;apos;]//label]
Session ID: 1a416789c85dc8c66b0d9718ee7f5d97">
      <![CDATA[org.openqa.selenium.StaleElementReferenceException: stale element reference: stale element not found in the current frame
  (Session info: MicrosoftEdge=123.0.2420.97)
For documentation on this error, please visit: https://www.selenium.dev/documentation/webdriver/troubleshooting/errors#stale-element-reference-exception
Build info: version: '4.18.1', revision: 'b1d3319b48'
System info: os.name: 'Windows 11', os.arch: 'amd64', os.version: '10.0', java.version: '17.0.2'
Driver info: org.openqa.selenium.edge.EdgeDriver
Command: [1a416789c85dc8c66b0d9718ee7f5d97, getElementText {id=f.06E662C9ED5E7EA73A113305C62803A7.d.D4E76EA8533F267024961E3A4B1371FA.e.402}]
Capabilities {acceptInsecureCerts: false, browserName: MicrosoftEdge, browserVersion: 123.0.2420.97, fedcm:accounts: true, ms:edgeOptions: {debuggerAddress: localhost:60278}, msedge: {msedgedriverVersion: 123.0.2420.97 (ba5f45140663..., userDataDir: C:\Windows\SystemTemp\scope...}, networkConnectionEnabled: false, pageLoadStrategy: normal, platformName: windows, proxy: Proxy(), se:cdp: ws://localhost:60278/devtoo..., se:cdpVersion: 123.0.2420.97, setWindowRect: true, strictFileInteractability: false, timeouts: {implicit: 0, pageLoad: 300000, script: 30000}, unhandledPromptBehavior: dismiss and notify, webauthn:extension:credBlob: true, webauthn:extension:largeBlob: true, webauthn:extension:minPinLength: true, webauthn:extension:prf: true, webauthn:virtualAuthenticators: true}
Element: [[EdgeDriver: MicrosoftEdge on windows (1a416789c85dc8c66b0d9718ee7f5d97)] -> xpath: //div[@class='full filter-wrapper accordion-wrappper accordion-anim-1']//label]
Session ID: 1a416789c85dc8c66b0d9718ee7f5d97
at org.openqa.selenium.remote.ErrorCodec.decode(ErrorCodec.java:167)
at org.openqa.selenium.remote.codec.w3c.W3CHttpResponseCodec.decode(W3CHttpResponseCodec.java:138)
at org.openqa.selenium.remote.codec.w3c.W3CHttpResponseCodec.decode(W3CHttpResponseCodec.java:50)
at org.openqa.selenium.remote.HttpCommandExecutor.execute(HttpCommandExecutor.java:190)
at org.openqa.selenium.remote.service.DriverCommandExecutor.invokeExecute(DriverCommandExecutor.java:216)
at org.openqa.selenium.remote.service.DriverCommandExecutor.execute(DriverCommandExecutor.java:174)
at org.openqa.selenium.remote.RemoteWebDriver.execute(RemoteWebDriver.java:519)
at org.openqa.selenium.remote.RemoteWebElement.execute(RemoteWebElement.java:223)
at org.openqa.selenium.remote.RemoteWebElement.getText(RemoteWebElement.java:191)
at pageObjects.HotelPage.selectfreebreakfast(HotelPage.java:54)
at testScenario.TC_001_HotelSearchPage.selectallaminites(TC_001_HotelSearchPage.java:45)
at java.base/java.util.ArrayList.forEach(ArrayList.java:1511)
... Removed 32 stack frames]]>
    </failure>
  </testcase> <!-- selectallaminites -->
  <testcase classname="testScenario.TC_001_HotelSearchPage" name="displayhotels" time="7.155"/>
  <testcase classname="testScenario.TC_002_CruisePage" name="clickoncruise" time="3.08"/>
  <testcase classname="testScenario.TC_002_CruisePage" name="printallInclusion" time="0.274"/>
  <testcase classname="testScenario.TC_003_GiftPage" name="ClickonGift" time="1.826"/>
  <testcase classname="testScenario.TC_003_GiftPage" name="filldetails" time="3.753"/>
</testsuite> <!-- EdgeTest -->
